<?xml version="1.0" encoding="UTF-8"?>
<testsuite xmlns:xsi="http://www.w3.org/2001/XMLSchema-instance" xsi:noNamespaceSchemaLocation="https://maven.apache.org/surefire/maven-surefire-plugin/xsd/surefire-test-report-3.0.xsd" version="3.0" name="com.example.test_case.Model.BirdTest" time="0.193" tests="3" errors="0" skipped="0" failures="0">
  <properties>
[...]
</properties>
  <testcase name="getId" classname="com.example.test_case.Model.BirdTest" time="0.128">
    <system-out><![CDATA[Bird(id=1, color=grey)
the id is 1
The bird Sparrow ravens flies in the sky
]]></system-out>
  </testcase>
  <testcase name="setColor" classname="com.example.test_case.Model.BirdTest" time="0.016">
    <system-out><![CDATA[the id is 2
The bird Sparrow ravens flies in the sky
]]></system-out>
  </testcase>
  <testcase name="getColor" classname="com.example.test_case.Model.BirdTest" time="0.006">
    <system-out><![CDATA[Bird(id=1, color=grey)
the id is 1
The bird Sparrow ravens flies in the sky
]]></system-out>
  </testcase>
</testsuite>